<?xml version="1.0" encoding="UTF-8"?>
<!-- Generated by org.testng.reporters.JUnitXMLReporter -->
<testsuite ignored="3" hostname="DESKTOP-BFRDRDK" failures="0" tests="1" name="Default test" time="7.206" errors="0" timestamp="2021-08-04T15:37:11 EDT">
  <testcase classname="com.Ecom.sprt1.UiTestCase" name="click6thlinkofPage5" time="7.16"/>
  <testcase classname="com.Ecom.sprt1.UiTestCase" name="addToCard" time="0.0">
    <ignored/>
  </testcase> <!-- addToCard -->
  <testcase classname="com.Ecom.sprt1.UiTestCase" name="addToCardAndRemove2wice" time="0.0">
    <ignored/>
  </testcase> <!-- addToCardAndRemove2wice -->
  <testcase classname="com.Ecom.sprt1.UiTestCase" name="click6thlinkofPage5NegScenario" time="0.0">
    <ignored/>
  </testcase> <!-- click6thlinkofPage5NegScenario -->
</testsuite> <!-- Default test -->
