<?xml version="1.0" encoding="UTF-8"?>
<testng-results ignored="3" total="4" passed="1" failed="0" skipped="0">
  <reporter-output>
  </reporter-output>
  <suite started-at="2021-08-04T15:37:04 EDT" name="Default suite" finished-at="2021-08-04T15:37:11 EDT" duration-ms="7206">
    <groups>
    </groups>
    <test started-at="2021-08-04T15:37:04 EDT" name="Default test" finished-at="2021-08-04T15:37:11 EDT" duration-ms="7206">
      <class name="com.Ecom.sprt1.UiTestCase">
        <test-method is-config="true" signature="openBrowser()[pri:0, instance:com.Ecom.sprt1.UiTestCase@4fe767f3]" started-at="2021-08-04T15:37:02 EDT" name="openBrowser" finished-at="2021-08-04T15:37:04 EDT" duration-ms="2208" status="PASS">
          <reporter-output>
          </reporter-output>
        </test-method> <!-- openBrowser -->
        <test-method signature="click6thlinkofPage5()[pri:1, instance:com.Ecom.sprt1.UiTestCase@4fe767f3]" started-at="2021-08-04T15:37:04 EDT" name="click6thlinkofPage5" description="Click last 6 link of 5th page of search" finished-at="2021-08-04T15:37:11 EDT" duration-ms="7160" status="PASS">
          <reporter-output>
          </reporter-output>
        </test-method> <!-- click6thlinkofPage5 -->
        <test-method is-config="true" signature="tearDown()[pri:0, instance:com.Ecom.sprt1.UiTestCase@4fe767f3]" started-at="2021-08-04T15:37:11 EDT" name="tearDown" finished-at="2021-08-04T15:37:11 EDT" duration-ms="173" status="PASS">
          <reporter-output>
          </reporter-output>
        </test-method> <!-- tearDown -->
      </class> <!-- com.Ecom.sprt1.UiTestCase -->
    </test> <!-- Default test -->
  </suite> <!-- Default suite -->
</testng-results>
